"../../../../../UnrealProjects/Chubby-Bois-Project/Content/Assets/Dog/ChubsBody_MAT.uasset" 0
"../../../../../UnrealProjects/Chubby-Bois-Project/Content/Assets/Dog/chubsMuttons_MAT.uasset" 1
"../../../../../UnrealProjects/Chubby-Bois-Project/Content/Assets/Dog/chubsNoseEyes_MAT.uasset" 2
"../../../../../UnrealProjects/Chubby-Bois-Project/Content/Assets/Dog/chubsToeBeans_MAT.uasset" 3
"../../../../../UnrealProjects/Chubby-Bois-Project/Content/Assets/Dog/ChubDog_FaceTowardsPlayer.uasset" 4
"../../../../../UnrealProjects/Chubby-Bois-Project/Content/Assets/Dog/Adjusted_doggo.uasset" 5
"../../../../../UnrealProjects/Chubby-Bois-Project/Content/Assets/Dog/lambert2.uasset" 6
"../../../../../UnrealProjects/Chubby-Bois-Project/Content/Assets/Dog/Simple_Doggo_pCylinder3.uasset" 7
"../../../../../UnrealProjects/Chubby-Bois-Project/Content/Assets/Dog/FbxScene_Adjusted_doggo.uasset" 8
"../../../../../UnrealProjects/Chubby-Bois-Project/Content/Assets/Materials/Enemy_MATs/Chrome.uasset" 9
"../../../../../UnrealProjects/Chubby-Bois-Project/Content/Assets/Materials/Enemy_MATs/Gold_Metal.uasset" 10
"../../../../../UnrealProjects/Chubby-Bois-Project/Content/Assets/Materials/Enemy_MATs/lambert1.uasset" 11
"../../../../../UnrealProjects/Chubby-Bois-Project/Content/Assets/Materials/Enemy_MATs/Matt_Black.uasset" 12
"../../../../../UnrealProjects/Chubby-Bois-Project/Content/Assets/Materials/Enemy_MATs/Red_Metal.uasset" 13
"../../../../../UnrealProjects/Chubby-Bois-Project/Content/Assets/Enemies/Dogrone_NegativeYAxis_Aligned_With_Nose.uasset" 14
"../../../../../UnrealProjects/Chubby-Bois-Project/Content/Assets/Materials/Flat/M_Flat.uasset" 15
"../../../../../UnrealProjects/Chubby-Bois-Project/Content/Assets/Materials/Flat/Flat_BGI.uasset" 16
"../../../../../UnrealProjects/Chubby-Bois-Project/Content/Assets/Materials/Flat_BGI.uasset" 17
"../../../../../UnrealProjects/Chubby-Bois-Project/Content/Assets/Materials/Flat/Flat_BGI12.uasset" 18
"../../../../../UnrealProjects/Chubby-Bois-Project/Content/Assets/Materials/Flat_BGI12.uasset" 19
"../../../../../UnrealProjects/Chubby-Bois-Project/Content/ExampleContent/Effects/Textures/T_Sunflare.uasset" 20
"../../../../../UnrealProjects/Chubby-Bois-Project/Content/Assets/Materials/m_flare_03.uasset" 21
"../../../../../UnrealProjects/Chubby-Bois-Project/Content/Assets/Materials/M_Pixel_Cube.uasset" 22
"../../../../../UnrealProjects/Chubby-Bois-Project/Content/Assets/Materials/M_Pixel_Cube_Blue_Inst.uasset" 23
"../../../../../UnrealProjects/Chubby-Bois-Project/Content/Assets/Materials/M_Pixel_Cube_Enemy_2_Inst.uasset" 24
"../../../../../UnrealProjects/Chubby-Bois-Project/Content/Assets/Materials/M_Pixel_Cube_Enemy_Inst.uasset" 25
"../../../../../UnrealProjects/Chubby-Bois-Project/Content/Assets/Materials/M_Pixel_Cube_Particle.uasset" 26
"../../../../../UnrealProjects/Chubby-Bois-Project/Content/Assets/Materials/M_Radial_Gradient.uasset" 27
"../../../../../UnrealProjects/Chubby-Bois-Project/Content/Assets/Materials/Glow/m_glow.uasset" 28
"../../../../../UnrealProjects/Chubby-Bois-Project/Content/Assets/Materials/Glow/m_glowPlayerArmor.uasset" 29
"../../../../../UnrealProjects/Chubby-Bois-Project/Content/Assets/Materials/Glow/m_glowPlayerBody.uasset" 30
"../../../../../UnrealProjects/Chubby-Bois-Project/Content/Assets/Materials/UI_MATS/Arrow_Button.uasset" 31
"../../../../../UnrealProjects/Chubby-Bois-Project/Content/Assets/Materials/UI_MATS/Arrow_Button_Hover.uasset" 32
"../../../../../UnrealProjects/Chubby-Bois-Project/Content/Assets/Materials/UI_MATS/Arrow_Button_Pressed.uasset" 33
"../../../../../UnrealProjects/Chubby-Bois-Project/Content/Assets/Materials/UI_MATS/Cosmetics_Button.uasset" 34
"../../../../../UnrealProjects/Chubby-Bois-Project/Content/Assets/Materials/UI_MATS/Cosmetics_Button_Hover.uasset" 35
"../../../../../UnrealProjects/Chubby-Bois-Project/Content/Assets/Materials/UI_MATS/Cosmetics_Button_Pressed.uasset" 36
"../../../../../UnrealProjects/Chubby-Bois-Project/Content/Assets/Materials/UI_MATS/PlayButton_MAT.uasset" 37
"../../../../../UnrealProjects/Chubby-Bois-Project/Content/Assets/Materials/UI_MATS/Store_Button.uasset" 38
"../../../../../UnrealProjects/Chubby-Bois-Project/Content/Assets/Materials/UI_MATS/Store_Button_Hover.uasset" 39
"../../../../../UnrealProjects/Chubby-Bois-Project/Content/Assets/Materials/UI_MATS/Store_Button_Pressed.uasset" 40
"../../../../../UnrealProjects/Chubby-Bois-Project/Content/Assets/Meshes/Large_Doggo_FBX.uasset" 41
"../../../../../UnrealProjects/Chubby-Bois-Project/Content/Assets/Meshes/lambert1.uasset" 42
"../../../../../UnrealProjects/Chubby-Bois-Project/Content/Assets/Meshes/Simple_Doggo_pCylinder3.uasset" 43
"../../../../../UnrealProjects/Chubby-Bois-Project/Content/Assets/Meshes/FbxScene_Large_Doggo_FBX.uasset" 44
"../../../../../UnrealProjects/Chubby-Bois-Project/Content/Assets/Meshes/SM_Pixel_Enemy_1.uasset" 45
"../../../../../UnrealProjects/Chubby-Bois-Project/Content/Assets/Meshes/SM_Pixel_Player.uasset" 46
"../../../../../UnrealProjects/Chubby-Bois-Project/Content/ExampleContent/Input_Examples/Materials/M_Pixel_Cube_Particle.uasset" 47
"../../../../../UnrealProjects/Chubby-Bois-Project/Content/ExampleContent/Input_Examples/Materials/M_Radial_Gradient.uasset" 48
"../../../Engine/Content/EngineMaterials/DefaultDiffuse.uasset" 49
"../../../Engine/Content/EngineMaterials/EmissiveTexturedMaterial.uasset" 50
"../../../Engine/Content/EngineMeshes/ParticleCube.uasset" 51
"../../../../../UnrealProjects/Chubby-Bois-Project/Content/Assets/Particles/P_Pixel_Engine.uasset" 52
"../../../../../UnrealProjects/Chubby-Bois-Project/Content/ExampleContent/Effects/Materials/m_flare_03.uasset" 53
"../../../../../UnrealProjects/Chubby-Bois-Project/Content/Assets/Particles/P_Pixel_Explosion_Enemy.uasset" 54
"../../../../../UnrealProjects/Chubby-Bois-Project/Content/Assets/Textures/T_Sunflare.uasset" 55
"../../../../../UnrealProjects/Chubby-Bois-Project/Content/Assets/Textures/Background/candyland_map1.uasset" 56
"../../../../../UnrealProjects/Chubby-Bois-Project/Content/Assets/Textures/Background/candyland_map_.uasset" 57
"../../../../../UnrealProjects/Chubby-Bois-Project/Content/Assets/Textures/Background/candyland_invert.uasset" 58
"../../../../../UnrealProjects/Chubby-Bois-Project/Content/Assets/Textures/Background/BG_mat.uasset" 59
"../../../../../UnrealProjects/Chubby-Bois-Project/Content/Assets/Textures/Background/Map_material.uasset" 60
"../../../Engine/Content/Animation/DefaultAnimCurveCompressionSettings.uasset" 61
"../../../Engine/Content/Functions/Engine_MaterialFunctions01/Opacity/CameraDepthFade.uasset" 62
"../../../Engine/Content/EngineMaterials/T_Default_Material_Grid_M.uasset" 63
"../../../Engine/Content/EngineMaterials/T_Default_Material_Grid_N.uasset" 64
"../../../Engine/Content/EngineMaterials/WorldGridMaterial.uasset" 65
"../../../Engine/Content/ArtTools/RenderToTexture/Meshes/S_1_Unit_Plane.uasset" 66
"../../../Engine/Content/EngineMaterials/DefaultMaterial.uasset" 67
"../../../Engine/Content/BasicShapes/Cone.uasset" 68
"../../../Engine/Content/BasicShapes/Cylinder.uasset" 69
"../../../Engine/Content/BasicShapes/Plane.uasset" 70
"../../../Engine/Content/BasicShapes/Sphere.uasset" 71
"../../../Engine/Content/EditorLandscapeResources/DataLayer.uasset" 72
"../../../Engine/Content/EditorMaterials/MAT_Groups_Toggle.uasset" 73
"../../../Engine/Content/EditorMaterials/MAT_Groups_Visibility.uasset" 74
"../../../Engine/Content/EditorMaterials/PreviewShadowIndicator.uasset" 75
"../../../Engine/Content/EditorMaterials/PreviewShadowIndicatorMaterial.uasset" 76
"../../../Engine/Content/EditorMaterials/MatineeGroups/MAT_ColorTrack.uasset" 77
"../../../Engine/Content/EditorMaterials/MatineeGroups/MAT_Groups_Anim.uasset" 78
"../../../Engine/Content/EditorMaterials/MatineeGroups/MAT_Groups_AudioMaster.uasset" 79
"../../../Engine/Content/EditorMaterials/MatineeGroups/MAT_Groups_Director.uasset" 80
"../../../Engine/Content/EditorMaterials/MatineeGroups/MAT_Groups_Event.uasset" 81
"../../../Engine/Content/EditorMaterials/MatineeGroups/MAT_Groups_Fade.uasset" 82
"../../../Engine/Content/EditorMaterials/MatineeGroups/MAT_Groups_Float.uasset" 83
"../../../Engine/Content/EditorMaterials/MatineeGroups/MAT_Groups_Move.uasset" 84
"../../../Engine/Content/EditorMaterials/MatineeGroups/MAT_Groups_Slomo.uasset" 85
"../../../Engine/Content/EditorMaterials/MatineeGroups/MAT_Groups_Sound.uasset" 86
"../../../Engine/Content/EditorMaterials/MatineeGroups/MAT_Groups_Vector.uasset" 87
"../../../Engine/Content/EditorMaterials/ParticleSystems/PSysThumbnail_NoImage.uasset" 88
"../../../Engine/Content/EditorMaterials/ParticleSystems/PSysThumbnail_OOD.uasset" 89
"../../../Engine/Content/EditorMaterials/Camera/CineMat.uasset" 90
"../../../Engine/Content/EditorMaterials/Camera/MI_CineMat_Rig.uasset" 91
"../../../Engine/Content/EditorMeshes/Camera/SM_CraneRig_Arm.uasset" 92
"../../../Engine/Content/EditorMeshes/Camera/SM_CraneRig_Base.uasset" 93
"../../../Engine/Content/EditorMeshes/Camera/SM_CraneRig_Body.uasset" 94
"../../../Engine/Content/EditorMeshes/Camera/SM_CraneRig_Mount.uasset" 95
"../../../Engine/Content/EditorMeshes/Camera/SM_RailRig_Mount.uasset" 96
"../../../Engine/Content/EditorMeshes/Camera/SM_RailRig_Track.uasset" 97
"../../../Engine/Content/EditorResources/BSPVertex.uasset" 98
"../../../Engine/Content/EditorResources/EmptyActor.uasset" 99
"../../../Engine/Content/EditorResources/S_Actor.uasset" 100
"../../../Engine/Content/EditorResources/S_Note.uasset" 101
"../../../Engine/Content/EditorResources/S_Solver.uasset" 102
"../../../Engine/Content/EditorResources/S_Trigger.uasset" 103
"../../../Engine/Content/EditorResources/LightIcons/S_LightError.uasset" 104
"../../../Engine/Content/EditorResources/SequenceRecorder/Countdown.uasset" 105
"../../../Engine/Content/EditorResources/SequenceRecorder/RecordingIndicator.uasset" 106
"../../../Engine/Content/EditorSounds/Notifications/CompileFailed.uasset" 107
"../../../Engine/Content/EditorSounds/Notifications/CompileFailed_Cue.uasset" 108
"../../../Engine/Content/EditorSounds/Notifications/CompileSuccess.uasset" 109
"../../../Engine/Content/EditorSounds/Notifications/CompileStart_Cue.uasset" 110
"../../../Engine/Content/EditorSounds/Notifications/CompileSuccess_Cue.uasset" 111
"../../../Engine/Content/EngineDamageTypes/DmgTypeBP_Environmental.uasset" 112
"../../../Engine/Content/EngineDebugMaterials/DebugEditorMaterial.uasset" 113
"../../../Engine/Content/EngineDebugMaterials/DebugMeshMaterial.uasset" 114
"../../../Engine/Content/EngineDebugMaterials/M_SimpleUnlitTranslucent.uasset" 115
"../../../Engine/Content/Functions/Engine_MaterialFunctions02/Utility/CameraDirectionVector.uasset" 116
"../../../Engine/Content/EngineDebugMaterials/VolumeToRender.uasset" 117
"../../../Engine/Content/EngineDebugMaterials/M_VolumeRenderSphereTracePP.uasset" 118
"../../../Engine/Content/EngineDebugMaterials/WireframeMaterial.uasset" 119
"../../../Engine/Content/EngineFonts/Faces/DroidSansFallback.uasset" 120
"../../../Engine/Content/EngineFonts/Faces/RobotoBold.uasset" 121
"../../../Engine/Content/EngineFonts/Faces/RobotoBoldItalic.uasset" 122
"../../../Engine/Content/EngineFonts/Faces/RobotoItalic.uasset" 123
"../../../Engine/Content/EngineFonts/Faces/RobotoLight.uasset" 124
"../../../Engine/Content/EngineFonts/Faces/RobotoRegular.uasset" 125
"../../../Engine/Content/EngineFonts/Roboto.uasset" 126
"../../../Engine/Content/EngineMaterials/BaseFlattenDiffuseMap.uasset" 127
"../../../Engine/Content/EngineMaterials/BaseFlattenEmissiveMap.uasset" 128
"../../../Engine/Content/EngineMaterials/BaseFlattenGrayscaleMap.uasset" 129
"../../../Engine/Content/EngineMaterials/BaseFlattenNormalMap.uasset" 130
"../../../Engine/Content/EngineMaterials/BaseFlattenMaterial.uasset" 131
"../../../Engine/Content/EngineMaterials/BlueNoise.uasset" 132
"../../../Engine/Content/EngineMaterials/DefaultBloomKernel.uasset" 133
"../../../Engine/Content/EngineMaterials/DefaultBokeh.uasset" 134
"../../../Engine/Content/EngineMaterials/DefaultDeferredDecalMaterial.uasset" 135
"../../../Engine/Content/EngineMaterials/DefaultLightFunctionMaterial.uasset" 136
"../../../Engine/Content/EngineMaterials/DefaultPhysicalMaterial.uasset" 137
"../../../Engine/Content/Functions/Engine_MaterialFunctions02/Utility/BreakOutFloat2Components.uasset" 138
"../../../Engine/Content/EngineMaterials/DefaultPostProcessMaterial.uasset" 139
"../../../Engine/Content/EngineFonts/RobotoDistanceField.uasset" 140
"../../../Engine/Content/EngineMaterials/DefaultTextMaterialOpaque.uasset" 141
"../../../Engine/Content/EngineMaterials/DefaultWhiteGrid.uasset" 142
"../../../Engine/Content/EngineMaterials/DefaultWhiteGrid_Low.uasset" 143
"../../../Engine/Content/EngineMaterials/EmissiveMeshMaterial.uasset" 144
"../../../Engine/Content/EngineMaterials/GizmoMaterial.uasset" 145
"../../../Engine/Content/EngineMaterials/Good64x64TilingNoiseHighFreq.uasset" 146
"../../../Engine/Content/EngineMaterials/MiniFont.uasset" 147
"../../../Engine/Content/EngineMaterials/InvalidLightmapSettings.uasset" 148
"../../../Engine/Content/EngineMaterials/M_InvalidLightmapSettings.uasset" 149
"../../../Engine/Content/Functions/Engine_MaterialFunctions02/WorldPositionOffset/CameraOffset.uasset" 150
"../../../Engine/Content/EngineMaterials/PhAT_JointLimitMaterial.uasset" 151
"../../../Engine/Content/EngineMaterials/PreintegratedSkinBRDF.uasset" 152
"../../../Engine/Content/EngineMaterials/RemoveSurfaceMaterial.uasset" 153
"../../../Engine/Content/EngineMaterials/WeightMapPlaceholderTexture.uasset" 154
"../../../Engine/Content/EngineResources/WhiteSquareTexture.uasset" 155
"../../../Engine/Content/EngineMaterials/Widget3DPassThrough.uasset" 156
"../../../Engine/Content/EngineMaterials/Widget3DPassThrough_Masked.uasset" 157
"../../../Engine/Content/EngineMaterials/Widget3DPassThrough_Opaque.uasset" 158
"../../../Engine/Content/EngineMaterials/Widget3DPassThrough_Masked_OneSided.uasset" 159
"../../../Engine/Content/EngineMaterials/Widget3DPassThrough_Opaque_OneSided.uasset" 160
"../../../Engine/Content/EngineMaterials/Widget3DPassThrough_Translucent.uasset" 161
"../../../Engine/Content/EngineMaterials/Widget3DPassThrough_Translucent_OneSided.uasset" 162
"../../../Engine/Content/EngineMeshes/Cylinder.uasset" 163
"../../../Engine/Content/EngineMeshes/Sphere.uasset" 164
"../../../Engine/Content/EngineResources/Black.uasset" 165
"../../../Engine/Content/EngineResources/DefaultTexture.uasset" 166
"../../../Engine/Content/EngineResources/DefaultTextureCube.uasset" 167
"../../../Engine/Content/EngineResources/DefaultVolumeTexture2D.uasset" 168
"../../../Engine/Content/EngineResources/DefaultVolumeTexture.uasset" 169
"../../../Engine/Content/EngineResources/GradientTexture0.uasset" 170
"../../../Engine/Content/EngineSounds/Master.uasset" 171
"../../../Engine/Content/Functions/Engine_MaterialFunctions01/Shading/ConvertFromDiffSpec.uasset" 172
"../../../Engine/Content/Functions/Engine_MaterialFunctions01/Shading/PowerToRoughness.uasset" 173
"../../../Engine/Content/Maps/Templates/Thumbnails/Default.uasset" 174
"../../../Engine/Content/Maps/Templates/Thumbnails/TimeOfDay.uasset" 175
"../../../Engine/Content/Maps/Templates/Thumbnails/VR-Basic.uasset" 176
"../../../Engine/Content/MobileResources/T_MobileControls_texture.uasset" 177
"../../../Engine/Content/MobileResources/T_MobileMenu2.uasset" 178
"../../../Engine/Content/MobileResources/HUD/AnalogHat.uasset" 179
"../../../Engine/Content/MobileResources/HUD/VirtualJoystick_Background.uasset" 180
"../../../Engine/Content/MobileResources/HUD/VirtualJoystick_Thumb.uasset" 181
"../../../Engine/Content/MobileResources/HUD/DefaultVirtualJoysticks.uasset" 182
"../../../Engine/Content/MobileResources/HUD/LeftVirtualJoystickOnly.uasset" 183
"../../../Engine/Content/MobileResources/HUD/MobileHUDButton1_off.uasset" 184
"../../../Engine/Content/MobileResources/HUD/MobileHUDButton1_on.uasset" 185
"../../../Engine/Content/MobileResources/HUD/MobileHUDButton2_off.uasset" 186
"../../../Engine/Content/MobileResources/HUD/MobileHUDButton2_on.uasset" 187
"../../../Engine/Content/MobileResources/HUD/MobileHUDButton3.uasset" 188
"../../../Engine/Content/MobileResources/HUD/MobileHUDButtonFire.uasset" 189
"../../../Engine/Content/MobileResources/HUD/MobileHUDDirectionPad.uasset" 190
"../../../Engine/Content/MobileResources/HUD/MobileHUDDirectionPad2.uasset" 191
"../../../Engine/Content/MobileResources/HUD/MobileHUDDirectionPad3.uasset" 192
"../../../Engine/Content/MobileResources/HUD/MobileHUDDirectionStick.uasset" 193
"../../../Engine/Content/MobileResources/HUD/T_Castle_ThumbstickInner.uasset" 194
"../../../Engine/Content/MobileResources/HUD/T_Castle_ThumbstickOutter.uasset" 195
"../../../Engine/Content/Tutorial/ContentIntroCurve.uasset" 196
"../../../Engine/Content/Tutorial/Basics/LevelEditorAttract.uasset" 197
"../../../Engine/Content/Tutorial/Basics/TutorialAssets/icon_tab_Levels_40x.uasset" 198
"../../../Engine/Content/Tutorial/Basics/LevelEditorOverview.uasset" 199
"../../../Engine/Content/VREditor/LaserPointer/VR_LaserPower_01.uasset" 200
"../../../Engine/Content/VREditor/TransformGizmo/TransformGizmoMaterial.uasset" 201
"../../../Engine/Content/VREditor/TransformGizmo/TranslucentTransformGizmoMaterial.uasset" 202
"../../../Engine/Content/VREditor/TransformGizmo/BoundingBoxCorner.uasset" 203
"../../../Engine/Content/VREditor/TransformGizmo/BoundingBoxEdge.uasset" 204
"../../../Engine/Content/VREditor/TransformGizmo/PlaneTranslationHandle.uasset" 205
"../../../Engine/Content/VREditor/TransformGizmo/Main.uasset" 206
"../../../Engine/Content/VREditor/TransformGizmo/Xray.uasset" 207
"../../../Engine/Content/VREditor/TransformGizmo/SM_Sequencer_Key.uasset" 208
"../../../Engine/Content/VREditor/TransformGizmo/SM_Sequencer_Node.uasset" 209
"../../Plugins/2D/Paper2D/Content/PlaceholderTextures/DummySpriteTexture.uasset" 210
"../../Plugins/2D/Paper2D/Content/DummySprite.uasset" 211
"../../Plugins/2D/Paper2D/Content/DefaultPaperTerrainMaterial.uasset" 212
"../../Plugins/2D/Paper2D/Content/DefaultSpriteMaterial.uasset" 213
"../../Plugins/2D/Paper2D/Content/MaskedUnlitSpriteMaterial.uasset" 214
"../../Plugins/2D/Paper2D/Content/OpaqueUnlitSpriteMaterial.uasset" 215
"../../Plugins/FX/Niagara/Content/Enums/ENiagaraBooleanLogicOps.uasset" 216
"../../Plugins/FX/Niagara/Content/Enums/ENiagaraCoordinateSpace.uasset" 217
"../../Plugins/FX/Niagara/Content/Enums/ENiagaraExpansionMode.uasset" 218
"../../Plugins/FX/Niagara/Content/Enums/ENiagaraOrientationAxis.uasset" 219
"../../Plugins/FX/Niagara/Content/Enums/ENiagaraRandomnessMode.uasset" 220
"../../../Engine/Content/Functions/Engine_MaterialFunctions02/Utility/BreakOutFloat4Components.uasset" 221
"../../../Engine/Content/Functions/Engine_MaterialFunctions02/Utility/MakeFloat2.uasset" 222
"../../../Engine/Content/Functions/Engine_MaterialFunctions02/Utility/MakeFloat3.uasset" 223
"../../Plugins/Runtime/Oculus/OculusVR/Content/Materials/OculusMR_ChromaKey.uasset" 224
"../../Plugins/Runtime/Oculus/OculusVR/Content/Materials/OculusMR_ChromaKey_Lit.uasset" 225
"../../Plugins/Runtime/Oculus/OculusVR/Content/Materials/OculusMR_OpaqueColoredMaterial.uasset" 226
"../../Plugins/Runtime/Oculus/OculusVR/Content/Materials/OculusMR_WhiteMaterial.uasset" 227
"../../../Engine/Content/EditorBlueprintResources/StandardMacros.uasset" 228
"../../../../../UnrealProjects/Chubby-Bois-Project/Content/Blueprints/BP_CameraShake.uasset" 229
"../../../../../UnrealProjects/Chubby-Bois-Project/Content/Blueprints/BP_CameraShakeSmall.uasset" 230
"../../../../../UnrealProjects/Chubby-Bois-Project/Content/Assets/Materials/Glow/m_glowProjectile.uasset" 231
"../../../../../UnrealProjects/Chubby-Bois-Project/Content/Assets/Meshes/SM_Pixel_Cube.uasset" 232
"../../../../../UnrealProjects/Chubby-Bois-Project/Content/Assets/Particles/P_Pixel_Explosion.uasset" 233
"../../../../../UnrealProjects/Chubby-Bois-Project/Content/Blueprints/Projectiles/BP_Projectile_PlayerBase.uasset" 234
"../../../../../UnrealProjects/Chubby-Bois-Project/Content/Blueprints/Projectiles/BP_Projectile_PlayerPrimary.uasset" 235
"../../../../../UnrealProjects/Chubby-Bois-Project/Content/Blueprints/Projectiles/BP_Projectile_PlayersSecondry.uasset" 236
"../../../../../UnrealProjects/Chubby-Bois-Project/Content/Assets/Particles/P_Pixel_Explosion_Player.uasset" 237
"../../../../../UnrealProjects/Chubby-Bois-Project/Content/Blueprints/BP_Player.uasset" 238
"../../../../../UnrealProjects/Chubby-Bois-Project/Content/UI/BBW_GameOver.uasset" 239
"../../../../../UnrealProjects/Chubby-Bois-Project/Content/Blueprints/Projectiles/BP_Projectile_PlayerUltimate.uasset" 240
"../../../../../UnrealProjects/Chubby-Bois-Project/Content/Assets/Dog/ChubDog_BackTowardsPlayer.uasset" 241
"../../../../../UnrealProjects/Chubby-Bois-Project/Content/Blueprints/BP_Player_Chubz.uasset" 242
"../../../../../UnrealProjects/Chubby-Bois-Project/Content/Blueprints/Projectiles/BP_Projectile_Spots_Primary.uasset" 243
"../../../../../UnrealProjects/Chubby-Bois-Project/Content/Blueprints/Projectiles/BP_Projectile_Spots_Secondary.uasset" 244
"../../../../../UnrealProjects/Chubby-Bois-Project/Content/Blueprints/Projectiles/BP_Projectile_Spots_Ult.uasset" 245
"../../../../../UnrealProjects/Chubby-Bois-Project/Content/Blueprints/BP_Player_Spots.uasset" 246
"../../../../../UnrealProjects/Chubby-Bois-Project/Content/UI/BBW_HUD.uasset" 247
"../../../../../UnrealProjects/Chubby-Bois-Project/Content/Blueprints/BP_Gamemode.uasset" 248
"../../../../../UnrealProjects/Chubby-Bois-Project/Content/Blueprints/Projectiles/BP_ProjectileEnemyBase.uasset" 249
"../../../../../UnrealProjects/Chubby-Bois-Project/Content/Blueprints/Enemies/BP_EnemyBase.uasset" 250
"../../../../../UnrealProjects/Chubby-Bois-Project/Content/Blueprints/Projectiles/BP_ProjectileEnemy1.uasset" 251
"../../../../../UnrealProjects/Chubby-Bois-Project/Content/Assets/Meshes/Enemies/Chrome.uasset" 252
"../../../../../UnrealProjects/Chubby-Bois-Project/Content/Assets/Meshes/Enemies/Gold_Metal.uasset" 253
"../../../../../UnrealProjects/Chubby-Bois-Project/Content/Assets/Meshes/Enemies/lambert1.uasset" 254
"../../../../../UnrealProjects/Chubby-Bois-Project/Content/Assets/Meshes/Enemies/Matt_Black.uasset" 255
"../../../../../UnrealProjects/Chubby-Bois-Project/Content/Assets/Meshes/Enemies/Red_Metal.uasset" 256
"../../../../../UnrealProjects/Chubby-Bois-Project/Content/Assets/Meshes/Enemies/Dogrone_NegativeYAxis_Aligned_With_Nose.uasset" 257
"../../../../../UnrealProjects/Chubby-Bois-Project/Content/Blueprints/Enemies/BP_BDrone.uasset" 258
"../../../../../UnrealProjects/Chubby-Bois-Project/Content/Blueprints/Enemies/BP_Enemy1.uasset" 259
"../../../../../UnrealProjects/Chubby-Bois-Project/Content/Blueprints/Projectiles/BP_ProjectileEnemy2.uasset" 260
"../../../../../UnrealProjects/Chubby-Bois-Project/Content/Blueprints/Enemies/BP_Enemy2.uasset" 261
"../../../../../UnrealProjects/Chubby-Bois-Project/Content/Assets/Meshes/Enemies/Suicide_Dogrone.uasset" 262
"../../../../../UnrealProjects/Chubby-Bois-Project/Content/Blueprints/Enemies/BP_EnemyAstoroid.uasset" 263
"../../../../../UnrealProjects/Chubby-Bois-Project/Content/Blueprints/Enemies/BP_EnemySpawner.uasset" 264
"../../../../../UnrealProjects/Chubby-Bois-Project/Content/Maps/main_BuiltData.uasset" 265
"../../../Engine/Content/BasicShapes/Cube.uasset" 266
"../../../../../UnrealProjects/Chubby-Bois-Project/Content/Maps/main.umap" 267
"../../../../../UnrealProjects/Chubby-Bois-Project/Content/Assets/Materials/UI_MATS/Options_Button.uasset" 268
"../../../../../UnrealProjects/Chubby-Bois-Project/Content/Assets/Materials/UI_MATS/Options_Button_Hover.uasset" 269
"../../../../../UnrealProjects/Chubby-Bois-Project/Content/Assets/Materials/UI_MATS/Options_Button_Pressed.uasset" 270
"../../../../../UnrealProjects/Chubby-Bois-Project/Content/Assets/Materials/UI_MATS/Quit_Button.uasset" 271
"../../../../../UnrealProjects/Chubby-Bois-Project/Content/Assets/Materials/UI_MATS/Quit_Button_Hover.uasset" 272
"../../../../../UnrealProjects/Chubby-Bois-Project/Content/Assets/Materials/UI_MATS/Quit_Button_Pressed.uasset" 273
"../../../../../UnrealProjects/Chubby-Bois-Project/Content/Assets/Materials/UI_MATS/Start_Button.uasset" 274
"../../../../../UnrealProjects/Chubby-Bois-Project/Content/Assets/Materials/UI_MATS/Start_Button_Hover.uasset" 275
"../../../../../UnrealProjects/Chubby-Bois-Project/Content/Assets/Materials/UI_MATS/Start_Button_Pressed.uasset" 276
"../../../../../UnrealProjects/Chubby-Bois-Project/Content/UI/Options.uasset" 277
"../../../../../UnrealProjects/Chubby-Bois-Project/Content/UI/MainMenu.uasset" 278
"../../../../../UnrealProjects/Chubby-Bois-Project/Content/Maps/MainMenu.umap" 279
"../../../Engine/Content/Maps/Entry_BuiltData.uasset" 280
"../../../Engine/Content/Maps/Entry.umap" 281
